<?xml version="1.0" encoding="UTF-8"?>
<testsuite xmlns:xsi="http://www.w3.org/2001/XMLSchema-instance" xsi:noNamespaceSchemaLocation="https://maven.apache.org/surefire/maven-surefire-plugin/xsd/surefire-test-report-3.0.xsd" version="3.0" name="TestSuite" time="17.625" tests="1" errors="0" skipped="0" failures="0">
  <properties>
    <property name="sun.desktop" value="windows"/>
    <property name="awt.toolkit" value="sun.awt.windows.WToolkit"/>
    <property name="file.encoding.pkg" value="sun.io"/>
    <property name="java.specification.version" value="1.8"/>
    <property name="webdriver.chrome.driver" value="C:\Users\darekdee\Automation\PartnerTap//Drivers//chromedriver.exe"/>
    <property name="sun.cpu.isalist" value="pentium_pro+mmx pentium_pro pentium+mmx pentium i486 i386 i86"/>
    <property name="sun.jnu.encoding" value="Cp1252"/>
    <property name="java.class.path" value="C:\apache-maven-3.8.1\bin\..\boot\plexus-classworlds-2.6.0.jar"/>
    <property name="java.vm.vendor" value="Oracle Corporation"/>
    <property name="sun.arch.data.model" value="32"/>
    <property name="user.variant" value=""/>
    <property name="java.vendor.url" value="http://java.oracle.com/"/>
    <property name="user.timezone" value="Asia/Calcutta"/>
    <property name="maven.conf" value="C:\apache-maven-3.8.1\bin\../conf"/>
    <property name="os.name" value="Windows 8.1"/>
    <property name="java.vm.specification.version" value="1.8"/>
    <property name="user.country" value="US"/>
    <property name="sun.java.launcher" value="SUN_STANDARD"/>
    <property name="sun.boot.library.path" value="C:\Program Files\Java\java-se-8u41-ri\jre\bin"/>
    <property name="sun.java.command" value="org.codehaus.plexus.classworlds.launcher.Launcher clean install"/>
    <property name="maven.home" value="C:\apache-maven-3.8.1\bin\.."/>
    <property name="surefire.test.class.path" value="C:\Users\darekdee\Automation\PartnerTap\target\test-classes;C:\Users\darekdee\Automation\PartnerTap\target\classes;C:\Users\darekdee\.m2\repository\org\testng\testng\7.4.0\testng-7.4.0.jar;C:\Users\darekdee\.m2\repository\com\beust\jcommander\1.78\jcommander-1.78.jar;C:\Users\darekdee\.m2\repository\org\webjars\jquery\3.5.1\jquery-3.5.1.jar;C:\Users\darekdee\.m2\repository\io\appium\java-client\6.0.0\java-client-6.0.0.jar;C:\Users\darekdee\.m2\repository\org\seleniumhq\selenium\selenium-java\3.12.0\selenium-java-3.12.0.jar;C:\Users\darekdee\.m2\repository\org\seleniumhq\selenium\selenium-chrome-driver\3.12.0\selenium-chrome-driver-3.12.0.jar;C:\Users\darekdee\.m2\repository\org\seleniumhq\selenium\selenium-edge-driver\3.12.0\selenium-edge-driver-3.12.0.jar;C:\Users\darekdee\.m2\repository\org\seleniumhq\selenium\selenium-firefox-driver\3.12.0\selenium-firefox-driver-3.12.0.jar;C:\Users\darekdee\.m2\repository\org\seleniumhq\selenium\selenium-ie-driver\3.12.0\selenium-ie-driver-3.12.0.jar;C:\Users\darekdee\.m2\repository\org\seleniumhq\selenium\selenium-opera-driver\3.12.0\selenium-opera-driver-3.12.0.jar;C:\Users\darekdee\.m2\repository\org\seleniumhq\selenium\selenium-remote-driver\3.12.0\selenium-remote-driver-3.12.0.jar;C:\Users\darekdee\.m2\repository\org\seleniumhq\selenium\selenium-safari-driver\3.12.0\selenium-safari-driver-3.12.0.jar;C:\Users\darekdee\.m2\repository\net\bytebuddy\byte-buddy\1.8.3\byte-buddy-1.8.3.jar;C:\Users\darekdee\.m2\repository\org\apache\commons\commons-exec\1.3\commons-exec-1.3.jar;C:\Users\darekdee\.m2\repository\commons-logging\commons-logging\1.2\commons-logging-1.2.jar;C:\Users\darekdee\.m2\repository\com\google\guava\guava\23.6-jre\guava-23.6-jre.jar;C:\Users\darekdee\.m2\repository\com\google\code\findbugs\jsr305\1.3.9\jsr305-1.3.9.jar;C:\Users\darekdee\.m2\repository\org\checkerframework\checker-compat-qual\2.0.0\checker-compat-qual-2.0.0.jar;C:\Users\darekdee\.m2\repository\com\google\errorprone\error_prone_annotations\2.1.3\error_prone_annotations-2.1.3.jar;C:\Users\darekdee\.m2\repository\com\google\j2objc\j2objc-annotations\1.1\j2objc-annotations-1.1.jar;C:\Users\darekdee\.m2\repository\org\codehaus\mojo\animal-sniffer-annotations\1.14\animal-sniffer-annotations-1.14.jar;C:\Users\darekdee\.m2\repository\org\apache\httpcomponents\httpcore\4.4.6\httpcore-4.4.6.jar;C:\Users\darekdee\.m2\repository\com\squareup\okhttp3\okhttp\3.9.1\okhttp-3.9.1.jar;C:\Users\darekdee\.m2\repository\com\squareup\okio\okio\1.13.0\okio-1.13.0.jar;C:\Users\darekdee\.m2\repository\org\seleniumhq\selenium\selenium-support\3.12.0\selenium-support-3.12.0.jar;C:\Users\darekdee\.m2\repository\org\seleniumhq\selenium\selenium-api\3.12.0\selenium-api-3.12.0.jar;C:\Users\darekdee\.m2\repository\com\google\code\gson\gson\2.8.4\gson-2.8.4.jar;C:\Users\darekdee\.m2\repository\org\apache\httpcomponents\httpclient\4.5.5\httpclient-4.5.5.jar;C:\Users\darekdee\.m2\repository\cglib\cglib\3.2.6\cglib-3.2.6.jar;C:\Users\darekdee\.m2\repository\org\ow2\asm\asm\6.0\asm-6.0.jar;C:\Users\darekdee\.m2\repository\org\apache\ant\ant\1.9.6\ant-1.9.6.jar;C:\Users\darekdee\.m2\repository\org\apache\ant\ant-launcher\1.9.6\ant-launcher-1.9.6.jar;C:\Users\darekdee\.m2\repository\commons-validator\commons-validator\1.6\commons-validator-1.6.jar;C:\Users\darekdee\.m2\repository\commons-beanutils\commons-beanutils\1.9.2\commons-beanutils-1.9.2.jar;C:\Users\darekdee\.m2\repository\commons-digester\commons-digester\1.8.1\commons-digester-1.8.1.jar;C:\Users\darekdee\.m2\repository\commons-collections\commons-collections\3.2.2\commons-collections-3.2.2.jar;C:\Users\darekdee\.m2\repository\org\apache\commons\commons-lang3\3.7\commons-lang3-3.7.jar;C:\Users\darekdee\.m2\repository\commons-io\commons-io\2.6\commons-io-2.6.jar;C:\Users\darekdee\.m2\repository\org\springframework\spring-context\5.0.5.RELEASE\spring-context-5.0.5.RELEASE.jar;C:\Users\darekdee\.m2\repository\org\springframework\spring-aop\5.0.5.RELEASE\spring-aop-5.0.5.RELEASE.jar;C:\Users\darekdee\.m2\repository\org\springframework\spring-beans\5.0.5.RELEASE\spring-beans-5.0.5.RELEASE.jar;C:\Users\darekdee\.m2\repository\org\springframework\spring-core\5.0.5.RELEASE\spring-core-5.0.5.RELEASE.jar;C:\Users\darekdee\.m2\repository\org\springframework\spring-jcl\5.0.5.RELEASE\spring-jcl-5.0.5.RELEASE.jar;C:\Users\darekdee\.m2\repository\org\springframework\spring-expression\5.0.5.RELEASE\spring-expression-5.0.5.RELEASE.jar;C:\Users\darekdee\.m2\repository\org\aspectj\aspectjweaver\1.9.1\aspectjweaver-1.9.1.jar;C:\Users\darekdee\.m2\repository\org\openpnp\opencv\3.2.0-1\opencv-3.2.0-1.jar;C:\Users\darekdee\.m2\repository\javax\websocket\javax.websocket-api\1.1\javax.websocket-api-1.1.jar;C:\Users\darekdee\.m2\repository\org\glassfish\tyrus\tyrus-client\1.13.1\tyrus-client-1.13.1.jar;C:\Users\darekdee\.m2\repository\org\glassfish\tyrus\tyrus-core\1.13.1\tyrus-core-1.13.1.jar;C:\Users\darekdee\.m2\repository\org\glassfish\tyrus\tyrus-spi\1.13.1\tyrus-spi-1.13.1.jar;C:\Users\darekdee\.m2\repository\org\glassfish\tyrus\tyrus-container-grizzly\1.2.1\tyrus-container-grizzly-1.2.1.jar;C:\Users\darekdee\.m2\repository\org\glassfish\grizzly\grizzly-framework\2.3.3\grizzly-framework-2.3.3.jar;C:\Users\darekdee\.m2\repository\org\glassfish\grizzly\grizzly-http-server\2.3.3\grizzly-http-server-2.3.3.jar;C:\Users\darekdee\.m2\repository\org\glassfish\grizzly\grizzly-http\2.3.3\grizzly-http-2.3.3.jar;C:\Users\darekdee\.m2\repository\org\glassfish\grizzly\grizzly-rcm\2.3.3\grizzly-rcm-2.3.3.jar;C:\Users\darekdee\.m2\repository\io\rest-assured\rest-assured\3.0.0\rest-assured-3.0.0.jar;C:\Users\darekdee\.m2\repository\org\codehaus\groovy\groovy\2.4.6\groovy-2.4.6.jar;C:\Users\darekdee\.m2\repository\org\codehaus\groovy\groovy-xml\2.4.6\groovy-xml-2.4.6.jar;C:\Users\darekdee\.m2\repository\org\apache\httpcomponents\httpmime\4.5.1\httpmime-4.5.1.jar;C:\Users\darekdee\.m2\repository\org\hamcrest\hamcrest-core\1.3\hamcrest-core-1.3.jar;C:\Users\darekdee\.m2\repository\org\hamcrest\hamcrest-library\1.3\hamcrest-library-1.3.jar;C:\Users\darekdee\.m2\repository\org\ccil\cowan\tagsoup\tagsoup\1.2.1\tagsoup-1.2.1.jar;C:\Users\darekdee\.m2\repository\io\rest-assured\json-path\3.0.0\json-path-3.0.0.jar;C:\Users\darekdee\.m2\repository\org\codehaus\groovy\groovy-json\2.4.6\groovy-json-2.4.6.jar;C:\Users\darekdee\.m2\repository\io\rest-assured\rest-assured-common\3.0.0\rest-assured-common-3.0.0.jar;C:\Users\darekdee\.m2\repository\io\rest-assured\xml-path\3.0.0\xml-path-3.0.0.jar;C:\Users\darekdee\.m2\repository\org\json\json\20160810\json-20160810.jar;C:\Users\darekdee\.m2\repository\com\jayway\restassured\rest-assured\2.3.4\rest-assured-2.3.4.jar;C:\Users\darekdee\.m2\repository\com\jayway\restassured\json-path\2.3.4\json-path-2.3.4.jar;C:\Users\darekdee\.m2\repository\com\jayway\restassured\rest-assured-common\2.3.4\rest-assured-common-2.3.4.jar;C:\Users\darekdee\.m2\repository\com\jayway\restassured\xml-path\2.3.4\xml-path-2.3.4.jar;C:\Users\darekdee\.m2\repository\org\codehaus\groovy\groovy-all\2.3.5\groovy-all-2.3.5.jar;C:\Users\darekdee\.m2\repository\org\apache\poi\poi\4.1.0\poi-4.1.0.jar;C:\Users\darekdee\.m2\repository\commons-codec\commons-codec\1.12\commons-codec-1.12.jar;C:\Users\darekdee\.m2\repository\org\apache\commons\commons-collections4\4.3\commons-collections4-4.3.jar;C:\Users\darekdee\.m2\repository\org\apache\commons\commons-math3\3.6.1\commons-math3-3.6.1.jar;C:\Users\darekdee\.m2\repository\org\apache\poi\poi-ooxml\4.1.0\poi-ooxml-4.1.0.jar;C:\Users\darekdee\.m2\repository\org\apache\poi\poi-ooxml-schemas\4.1.0\poi-ooxml-schemas-4.1.0.jar;C:\Users\darekdee\.m2\repository\org\apache\xmlbeans\xmlbeans\3.1.0\xmlbeans-3.1.0.jar;C:\Users\darekdee\.m2\repository\org\apache\commons\commons-compress\1.18\commons-compress-1.18.jar;C:\Users\darekdee\.m2\repository\com\github\virtuald\curvesapi\1.06\curvesapi-1.06.jar;C:\Users\darekdee\.m2\repository\log4j\log4j\1.2.17\log4j-1.2.17.jar;C:\Users\darekdee\.m2\repository\com\aventstack\extentreports\3.0.0\extentreports-3.0.0.jar;C:\Users\darekdee\.m2\repository\org\freemarker\freemarker\2.3.23\freemarker-2.3.23.jar;C:\Users\darekdee\.m2\repository\org\mongodb\mongodb-driver\3.3.0\mongodb-driver-3.3.0.jar;C:\Users\darekdee\.m2\repository\org\mongodb\bson\3.3.0\bson-3.3.0.jar;C:\Users\darekdee\.m2\repository\org\mongodb\mongodb-driver-core\3.3.0\mongodb-driver-core-3.3.0.jar;C:\Users\darekdee\.m2\repository\junit\junit\4.13.2\junit-4.13.2.jar;"/>
    <property name="sun.cpu.endian" value="little"/>
    <property name="user.home" value="C:\Users\darekdee"/>
    <property name="user.language" value="en"/>
    <property name="sun.stderr.encoding" value="cp437"/>
    <property name="java.specification.vendor" value="Oracle Corporation"/>
    <property name="java.home" value="C:\Program Files\Java\java-se-8u41-ri\jre"/>
    <property name="basedir" value="C:\Users\darekdee\Automation\PartnerTap"/>
    <property name="file.separator" value="\"/>
    <property name="line.separator" value="&#10;"/>
    <property name="sun.stdout.encoding" value="cp437"/>
    <property name="java.vm.specification.vendor" value="Oracle Corporation"/>
    <property name="java.specification.name" value="Java Platform API Specification"/>
    <property name="java.awt.graphicsenv" value="sun.awt.Win32GraphicsEnvironment"/>
    <property name="sun.boot.class.path" value="C:\Program Files\Java\java-se-8u41-ri\jre\lib\resources.jar;C:\Program Files\Java\java-se-8u41-ri\jre\lib\rt.jar;C:\Program Files\Java\java-se-8u41-ri\jre\lib\sunrsasign.jar;C:\Program Files\Java\java-se-8u41-ri\jre\lib\jsse.jar;C:\Program Files\Java\java-se-8u41-ri\jre\lib\jce.jar;C:\Program Files\Java\java-se-8u41-ri\jre\lib\charsets.jar;C:\Program Files\Java\java-se-8u41-ri\jre\lib\jfr.jar;C:\Program Files\Java\java-se-8u41-ri\jre\classes"/>
    <property name="user.script" value=""/>
    <property name="sun.management.compiler" value="HotSpot Client Compiler"/>
    <property name="java.runtime.version" value="1.8.0_41-b04"/>
    <property name="user.name" value="darekdee"/>
    <property name="path.separator" value=";"/>
    <property name="os.version" value="6.3"/>
    <property name="java.endorsed.dirs" value="C:\Program Files\Java\java-se-8u41-ri\jre\lib\endorsed"/>
    <property name="java.runtime.name" value="OpenJDK Runtime Environment"/>
    <property name="file.encoding" value="Cp1252"/>
    <property name="guice.disable.misplaced.annotation.check" value="true"/>
    <property name="java.vm.name" value="OpenJDK Client VM"/>
    <property name="localRepository" value="C:\Users\darekdee\.m2\repository"/>
    <property name="java.vendor.url.bug" value="http://bugreport.sun.com/bugreport/"/>
    <property name="java.io.tmpdir" value="C:\Users\darekdee\AppData\Local\Temp\"/>
    <property name="java.version" value="1.8.0_41"/>
    <property name="user.dir" value="C:\Users\darekdee\Automation\PartnerTap"/>
    <property name="os.arch" value="x86"/>
    <property name="maven.multiModuleProjectDirectory" value="C:\Users\darekdee\Automation\PartnerTap"/>
    <property name="java.vm.specification.name" value="Java Virtual Machine Specification"/>
    <property name="java.awt.printerjob" value="sun.awt.windows.WPrinterJob"/>
    <property name="sun.os.patch.level" value=""/>
    <property name="java.library.path" value="C:\Program Files\Java\java-se-8u41-ri\bin;C:\WINDOWS\Sun\Java\bin;C:\WINDOWS\system32;C:\WINDOWS;C:\Program Files (x86)\Common Files\Oracle\Java\javapath;C:\Program Files\Microsoft MPI\Bin\;C:\WINDOWS\system32;C:\WINDOWS;C:\WINDOWS\System32\Wbem;C:\WINDOWS\System32\WindowsPowerShell\v1.0\;C:\WINDOWS\System32\OpenSSH\;C:\Program Files\dotnet\;C:\Program Files\Microsoft SQL Server\130\Tools\Binn\;C:\Program Files\Microsoft SQL Server\Client SDK\ODBC\170\Tools\Binn\;C:\Program Files (x86)\Microsoft SQL Server\Client SDK\ODBC\130\Tools\Binn\;C:\Program Files (x86)\Microsoft SQL Server\140\Tools\Binn\;C:\Program Files (x86)\Microsoft SQL Server\140\DTS\Binn\;C:\Program Files (x86)\Microsoft SQL Server\140\Tools\Binn\ManagementStudio\;C:\Program Files\Microsoft SQL Server\120\DTS\Binn\;C:\Program Files\Microsoft SQL Server\Client SDK\ODBC\110\Tools\Binn\;C:\Program Files (x86)\Microsoft SQL Server\120\Tools\Binn\;C:\Program Files\Microsoft SQL Server\120\Tools\Binn\;C:\Program Files (x86)\Microsoft SQL Server\120\Tools\Binn\ManagementStudio\;C:\Program Files (x86)\Microsoft SQL Server\120\DTS\Binn\;C:\Program Files (x86)\Microsoft SQL Server\130\Tools\Binn\;C:\Program Files (x86)\Microsoft SQL Server\130\DTS\Binn\;C:\Program Files\Microsoft SQL Server\130\DTS\Binn\;C:\Program Files\Microsoft SQL Server\Client SDK\ODBC\130\Tools\Binn\;C:\Program Files\Microsoft SQL Server\140\Tools\Binn\;C:\Program Files\Microsoft SQL Server\140\DTS\Binn\;C:\Program Files (x86)\dotnet\;C:\Program Files\Git\cmd;C:\apache-maven-3.8.1\bin;%M2-HOME%\bin;C:\apache-maven-3.8.1\bin\bin;C:\Program Files\Java\java-se-8u41-ri\bin;C:\Users\darekdee\AppData\Local\Microsoft\WindowsApps;C:\Users\darekdee\.dotnet\tools;C:\Program Files\Java\java-se-8u41-ri\bin;C:\apache-maven-3.8.1\bin\bin;;."/>
    <property name="java.vm.info" value="mixed mode"/>
    <property name="java.vendor" value="Oracle Corporation"/>
    <property name="java.vm.version" value="25.40-b25"/>
    <property name="classworlds.conf" value="C:\apache-maven-3.8.1\bin\..\bin\m2.conf"/>
    <property name="java.ext.dirs" value="C:\Program Files\Java\java-se-8u41-ri\jre\lib\ext;C:\WINDOWS\Sun\Java\lib\ext"/>
    <property name="sun.io.unicode.encoding" value="UnicodeLittle"/>
    <property name="library.jansi.path" value="C:\apache-maven-3.8.1\bin\..\lib\jansi-native"/>
    <property name="java.class.version" value="52.0"/>
  </properties>
  <testcase name="loginTest" classname="com.PartnerTap.TestCases.TC_LoginInDemoUser_001" time="8.803"/>
</testsuite>