<?xml version="1.0" encoding="UTF-8"?>
<!-- Generated by org.testng.reporters.JUnitReportReporter -->
<testsuite skipped="0" hostname="WPF2WBMXT" name="com.PartnerTap.TestCases.TC_LoginInDemoUser_001" tests="1" failures="0" timestamp="2021-07-28T02:38:48 IST" time="11.125" errors="0">
  <testcase name="loginTest" time="11.125" classname="com.PartnerTap.TestCases.TC_LoginInDemoUser_001"/>
  <system-out/>
</testsuite> <!-- com.PartnerTap.TestCases.TC_LoginInDemoUser_001 -->
